{"C:\\Users\\Aitor\\Desktop\\Projects\\mytheresa_challenge\\src\\components\\Alert.jsx": {"path":"C:\\Users\\Aitor\\Desktop\\Projects\\mytheresa_challenge\\src\\components\\Alert.jsx","all":false,"statementMap":{"0":{"start":{"line":1,"column":0},"end":{"line":1,"column":44}},"1":{"start":{"line":2,"column":0},"end":{"line":2,"column":41}},"2":{"start":{"line":3,"column":0},"end":{"line":3,"column":54}},"4":{"start":{"line":5,"column":0},"end":{"line":5,"column":21}},"5":{"start":{"line":6,"column":0},"end":{"line":6,"column":43}},"6":{"start":{"line":7,"column":0},"end":{"line":7,"column":52}},"8":{"start":{"line":9,"column":0},"end":{"line":9,"column":19}},"9":{"start":{"line":10,"column":0},"end":{"line":10,"column":24}},"10":{"start":{"line":11,"column":0},"end":{"line":11,"column":25}},"11":{"start":{"line":12,"column":0},"end":{"line":12,"column":38}},"12":{"start":{"line":13,"column":0},"end":{"line":13,"column":28}},"13":{"start":{"line":14,"column":0},"end":{"line":14,"column":15}},"14":{"start":{"line":15,"column":0},"end":{"line":15,"column":41}},"15":{"start":{"line":16,"column":0},"end":{"line":16,"column":5}},"16":{"start":{"line":17,"column":0},"end":{"line":17,"column":14}},"18":{"start":{"line":19,"column":0},"end":{"line":19,"column":34}},"20":{"start":{"line":21,"column":0},"end":{"line":21,"column":10}},"21":{"start":{"line":22,"column":0},"end":{"line":22,"column":62}},"22":{"start":{"line":23,"column":0},"end":{"line":23,"column":45}},"23":{"start":{"line":24,"column":0},"end":{"line":24,"column":36}},"24":{"start":{"line":25,"column":0},"end":{"line":25,"column":62}},"25":{"start":{"line":26,"column":0},"end":{"line":26,"column":35}},"26":{"start":{"line":27,"column":0},"end":{"line":27,"column":17}},"27":{"start":{"line":28,"column":0},"end":{"line":28,"column":12}},"28":{"start":{"line":29,"column":0},"end":{"line":29,"column":10}},"30":{"start":{"line":31,"column":0},"end":{"line":31,"column":2}},"32":{"start":{"line":33,"column":0},"end":{"line":33,"column":21}}},"s":{"0":1,"1":1,"2":1,"4":1,"5":10,"6":10,"8":10,"9":5,"10":4,"11":4,"12":1,"13":4,"14":4,"15":4,"16":10,"18":10,"20":9,"21":10,"22":10,"23":10,"24":10,"25":10,"26":10,"27":10,"28":10,"30":10,"32":1},"branchMap":{"0":{"type":"branch","line":5,"loc":{"start":{"line":5,"column":14},"end":{"line":31,"column":2}},"locations":[{"start":{"line":5,"column":14},"end":{"line":31,"column":2}}]},"1":{"type":"branch","line":19,"loc":{"start":{"line":19,"column":22},"end":{"line":19,"column":34}},"locations":[{"start":{"line":19,"column":22},"end":{"line":19,"column":34}}]},"2":{"type":"branch","line":19,"loc":{"start":{"line":19,"column":29},"end":{"line":22,"column":52}},"locations":[{"start":{"line":19,"column":29},"end":{"line":22,"column":52}}]},"3":{"type":"branch","line":22,"loc":{"start":{"line":22,"column":39},"end":{"line":22,"column":58}},"locations":[{"start":{"line":22,"column":39},"end":{"line":22,"column":58}}]},"4":{"type":"branch","line":9,"loc":{"start":{"line":9,"column":12},"end":{"line":17,"column":5}},"locations":[{"start":{"line":9,"column":12},"end":{"line":17,"column":5}}]},"5":{"type":"branch","line":10,"loc":{"start":{"line":10,"column":23},"end":{"line":16,"column":5}},"locations":[{"start":{"line":10,"column":23},"end":{"line":16,"column":5}}]},"6":{"type":"branch","line":12,"loc":{"start":{"line":12,"column":31},"end":{"line":14,"column":9}},"locations":[{"start":{"line":12,"column":31},"end":{"line":14,"column":9}}]},"7":{"type":"branch","line":15,"loc":{"start":{"line":15,"column":13},"end":{"line":15,"column":41}},"locations":[{"start":{"line":15,"column":13},"end":{"line":15,"column":41}}]}},"b":{"0":[10],"1":[1],"2":[9],"3":[4],"4":[5],"5":[4],"6":[1],"7":[4]},"fnMap":{"0":{"name":"Alert","decl":{"start":{"line":5,"column":14},"end":{"line":31,"column":2}},"loc":{"start":{"line":5,"column":14},"end":{"line":31,"column":2}},"line":5}},"f":{"0":10}}
,"C:\\Users\\Aitor\\Desktop\\Projects\\mytheresa_challenge\\src\\components\\Carousel.jsx": {"path":"C:\\Users\\Aitor\\Desktop\\Projects\\mytheresa_challenge\\src\\components\\Carousel.jsx","all":false,"statementMap":{"0":{"start":{"line":1,"column":0},"end":{"line":1,"column":44}},"1":{"start":{"line":2,"column":0},"end":{"line":2,"column":40}},"2":{"start":{"line":3,"column":0},"end":{"line":3,"column":49}},"3":{"start":{"line":4,"column":0},"end":{"line":4,"column":45}},"4":{"start":{"line":5,"column":0},"end":{"line":5,"column":41}},"5":{"start":{"line":6,"column":0},"end":{"line":6,"column":45}},"6":{"start":{"line":7,"column":0},"end":{"line":7,"column":35}},"8":{"start":{"line":9,"column":0},"end":{"line":9,"column":50}},"9":{"start":{"line":10,"column":0},"end":{"line":10,"column":57}},"11":{"start":{"line":12,"column":0},"end":{"line":12,"column":36}},"12":{"start":{"line":13,"column":0},"end":{"line":13,"column":43}},"13":{"start":{"line":14,"column":0},"end":{"line":14,"column":68}},"14":{"start":{"line":15,"column":0},"end":{"line":15,"column":35}},"15":{"start":{"line":16,"column":0},"end":{"line":16,"column":52}},"17":{"start":{"line":18,"column":0},"end":{"line":18,"column":19}},"18":{"start":{"line":19,"column":0},"end":{"line":19,"column":37}},"19":{"start":{"line":20,"column":0},"end":{"line":20,"column":11}},"20":{"start":{"line":21,"column":0},"end":{"line":21,"column":22}},"21":{"start":{"line":22,"column":0},"end":{"line":22,"column":37}},"22":{"start":{"line":23,"column":0},"end":{"line":23,"column":77}},"23":{"start":{"line":24,"column":0},"end":{"line":24,"column":10}},"24":{"start":{"line":25,"column":0},"end":{"line":25,"column":27}},"25":{"start":{"line":26,"column":0},"end":{"line":26,"column":26}},"26":{"start":{"line":27,"column":0},"end":{"line":27,"column":41}},"27":{"start":{"line":28,"column":0},"end":{"line":28,"column":71}},"28":{"start":{"line":29,"column":0},"end":{"line":29,"column":14}},"29":{"start":{"line":30,"column":0},"end":{"line":30,"column":12}},"30":{"start":{"line":31,"column":0},"end":{"line":31,"column":16}},"31":{"start":{"line":32,"column":0},"end":{"line":32,"column":45}},"32":{"start":{"line":33,"column":0},"end":{"line":33,"column":34}},"33":{"start":{"line":34,"column":0},"end":{"line":34,"column":9}},"34":{"start":{"line":35,"column":0},"end":{"line":35,"column":23}},"35":{"start":{"line":36,"column":0},"end":{"line":36,"column":42}},"36":{"start":{"line":37,"column":0},"end":{"line":37,"column":17}},"37":{"start":{"line":38,"column":0},"end":{"line":38,"column":22}},"38":{"start":{"line":39,"column":0},"end":{"line":39,"column":7}},"39":{"start":{"line":40,"column":0},"end":{"line":40,"column":6}},"41":{"start":{"line":42,"column":0},"end":{"line":42,"column":18}},"42":{"start":{"line":43,"column":0},"end":{"line":43,"column":54}},"44":{"start":{"line":45,"column":0},"end":{"line":45,"column":22}},"45":{"start":{"line":46,"column":0},"end":{"line":46,"column":14}},"46":{"start":{"line":47,"column":0},"end":{"line":47,"column":42}},"47":{"start":{"line":48,"column":0},"end":{"line":48,"column":15}},"48":{"start":{"line":49,"column":0},"end":{"line":49,"column":23}},"49":{"start":{"line":50,"column":0},"end":{"line":50,"column":6}},"50":{"start":{"line":51,"column":0},"end":{"line":51,"column":13}},"51":{"start":{"line":52,"column":0},"end":{"line":52,"column":41}},"52":{"start":{"line":53,"column":0},"end":{"line":53,"column":15}},"53":{"start":{"line":54,"column":0},"end":{"line":54,"column":23}},"54":{"start":{"line":55,"column":0},"end":{"line":55,"column":34}},"55":{"start":{"line":56,"column":0},"end":{"line":56,"column":6}},"56":{"start":{"line":57,"column":0},"end":{"line":57,"column":13}},"57":{"start":{"line":58,"column":0},"end":{"line":58,"column":39}},"58":{"start":{"line":59,"column":0},"end":{"line":59,"column":15}},"59":{"start":{"line":60,"column":0},"end":{"line":60,"column":23}},"60":{"start":{"line":61,"column":0},"end":{"line":61,"column":34}},"61":{"start":{"line":62,"column":0},"end":{"line":62,"column":6}},"62":{"start":{"line":63,"column":0},"end":{"line":63,"column":4}},"63":{"start":{"line":64,"column":0},"end":{"line":64,"column":34}},"64":{"start":{"line":65,"column":0},"end":{"line":65,"column":10}},"65":{"start":{"line":66,"column":0},"end":{"line":66,"column":34}},"66":{"start":{"line":67,"column":0},"end":{"line":67,"column":57}},"67":{"start":{"line":68,"column":0},"end":{"line":68,"column":20}},"68":{"start":{"line":69,"column":0},"end":{"line":69,"column":62}},"69":{"start":{"line":70,"column":0},"end":{"line":70,"column":62}},"70":{"start":{"line":71,"column":0},"end":{"line":71,"column":31}},"71":{"start":{"line":72,"column":0},"end":{"line":72,"column":16}},"72":{"start":{"line":73,"column":0},"end":{"line":73,"column":41}},"73":{"start":{"line":74,"column":0},"end":{"line":74,"column":54}},"74":{"start":{"line":75,"column":0},"end":{"line":75,"column":29}},"76":{"start":{"line":77,"column":0},"end":{"line":77,"column":32}},"77":{"start":{"line":78,"column":0},"end":{"line":78,"column":48}},"78":{"start":{"line":79,"column":0},"end":{"line":79,"column":17}},"79":{"start":{"line":80,"column":0},"end":{"line":80,"column":36}},"80":{"start":{"line":81,"column":0},"end":{"line":81,"column":53}},"81":{"start":{"line":82,"column":0},"end":{"line":82,"column":31}},"82":{"start":{"line":83,"column":0},"end":{"line":83,"column":31}},"84":{"start":{"line":85,"column":0},"end":{"line":85,"column":42}},"85":{"start":{"line":86,"column":0},"end":{"line":86,"column":37}},"86":{"start":{"line":87,"column":0},"end":{"line":87,"column":17}},"87":{"start":{"line":88,"column":0},"end":{"line":88,"column":16}},"89":{"start":{"line":90,"column":0},"end":{"line":90,"column":18}},"90":{"start":{"line":91,"column":0},"end":{"line":91,"column":77}},"91":{"start":{"line":92,"column":0},"end":{"line":92,"column":33}},"92":{"start":{"line":93,"column":0},"end":{"line":93,"column":33}},"93":{"start":{"line":94,"column":0},"end":{"line":94,"column":16}},"94":{"start":{"line":95,"column":0},"end":{"line":95,"column":36}},"95":{"start":{"line":96,"column":0},"end":{"line":96,"column":19}},"96":{"start":{"line":97,"column":0},"end":{"line":97,"column":16}},"97":{"start":{"line":98,"column":0},"end":{"line":98,"column":11}},"98":{"start":{"line":99,"column":0},"end":{"line":99,"column":22}},"99":{"start":{"line":100,"column":0},"end":{"line":100,"column":14}},"101":{"start":{"line":102,"column":0},"end":{"line":102,"column":2}},"102":{"start":{"line":103,"column":0},"end":{"line":103,"column":22}},"103":{"start":{"line":104,"column":0},"end":{"line":104,"column":40}},"104":{"start":{"line":105,"column":0},"end":{"line":105,"column":2}},"105":{"start":{"line":106,"column":0},"end":{"line":106,"column":24}}},"s":{"0":1,"1":1,"2":1,"3":1,"4":1,"5":1,"6":1,"8":1,"9":1,"11":1,"12":9,"13":9,"14":9,"15":9,"17":9,"18":5,"19":5,"20":5,"21":5,"22":5,"23":5,"24":5,"25":1,"26":1,"27":1,"28":1,"29":1,"30":5,"31":4,"32":4,"33":4,"34":5,"35":1,"36":5,"37":5,"38":5,"39":5,"41":5,"42":9,"44":9,"45":9,"46":9,"47":9,"48":9,"49":9,"50":9,"51":9,"52":9,"53":9,"54":9,"55":9,"56":9,"57":9,"58":9,"59":9,"60":9,"61":9,"62":9,"63":9,"64":2,"65":2,"66":2,"67":2,"68":2,"69":2,"70":2,"71":2,"72":2,"73":2,"74":2,"76":2,"77":22,"78":22,"79":22,"80":22,"81":22,"82":22,"84":0,"85":0,"86":0,"87":0,"89":22,"90":22,"91":22,"92":22,"93":22,"94":22,"95":22,"96":22,"97":2,"98":2,"99":2,"101":2,"102":1,"103":1,"104":1,"105":1},"branchMap":{"0":{"type":"branch","line":12,"loc":{"start":{"line":12,"column":17},"end":{"line":102,"column":2}},"locations":[{"start":{"line":12,"column":17},"end":{"line":102,"column":2}}]},"1":{"type":"branch","line":64,"loc":{"start":{"line":64,"column":22},"end":{"line":64,"column":34}},"locations":[{"start":{"line":64,"column":22},"end":{"line":64,"column":34}}]},"2":{"type":"branch","line":64,"loc":{"start":{"line":64,"column":29},"end":{"line":102,"column":2}},"locations":[{"start":{"line":64,"column":29},"end":{"line":102,"column":2}}]},"3":{"type":"branch","line":18,"loc":{"start":{"line":18,"column":12},"end":{"line":43,"column":5}},"locations":[{"start":{"line":18,"column":12},"end":{"line":43,"column":5}}]},"4":{"type":"branch","line":19,"loc":{"start":{"line":19,"column":24},"end":{"line":40,"column":6}},"locations":[{"start":{"line":19,"column":24},"end":{"line":40,"column":6}}]},"5":{"type":"branch","line":25,"loc":{"start":{"line":25,"column":26},"end":{"line":31,"column":15}},"locations":[{"start":{"line":25,"column":26},"end":{"line":31,"column":15}}]},"6":{"type":"branch","line":28,"loc":{"start":{"line":28,"column":45},"end":{"line":28,"column":71}},"locations":[{"start":{"line":28,"column":45},"end":{"line":28,"column":71}}]},"7":{"type":"branch","line":31,"loc":{"start":{"line":31,"column":8},"end":{"line":34,"column":9}},"locations":[{"start":{"line":31,"column":8},"end":{"line":34,"column":9}}]},"8":{"type":"branch","line":35,"loc":{"start":{"line":35,"column":6},"end":{"line":37,"column":8}},"locations":[{"start":{"line":35,"column":6},"end":{"line":37,"column":8}}]},"9":{"type":"branch","line":77,"loc":{"start":{"line":77,"column":20},"end":{"line":97,"column":16}},"locations":[{"start":{"line":77,"column":20},"end":{"line":97,"column":16}}]}},"b":{"0":[9],"1":[6],"2":[2],"3":[5],"4":[5],"5":[1],"6":[0],"7":[4],"8":[1],"9":[22]},"fnMap":{"0":{"name":"Carousel","decl":{"start":{"line":12,"column":17},"end":{"line":102,"column":2}},"loc":{"start":{"line":12,"column":17},"end":{"line":102,"column":2}},"line":12},"1":{"name":"fetchMovies","decl":{"start":{"line":19,"column":24},"end":{"line":40,"column":6}},"loc":{"start":{"line":19,"column":24},"end":{"line":40,"column":6}},"line":19},"2":{"name":"beforeChange","decl":{"start":{"line":69,"column":22},"end":{"line":69,"column":62}},"loc":{"start":{"line":69,"column":22},"end":{"line":69,"column":62}},"line":69},"3":{"name":"afterChange","decl":{"start":{"line":70,"column":21},"end":{"line":70,"column":62}},"loc":{"start":{"line":70,"column":21},"end":{"line":70,"column":62}},"line":70},"4":{"name":"onClick","decl":{"start":{"line":83,"column":23},"end":{"line":88,"column":16}},"loc":{"start":{"line":83,"column":23},"end":{"line":88,"column":16}},"line":83}},"f":{"0":9,"1":5,"2":0,"3":0,"4":0}}
,"C:\\Users\\Aitor\\Desktop\\Projects\\mytheresa_challenge\\src\\components\\Header.jsx": {"path":"C:\\Users\\Aitor\\Desktop\\Projects\\mytheresa_challenge\\src\\components\\Header.jsx","all":false,"statementMap":{"0":{"start":{"line":1,"column":0},"end":{"line":1,"column":54}},"1":{"start":{"line":2,"column":0},"end":{"line":2,"column":40}},"3":{"start":{"line":4,"column":0},"end":{"line":4,"column":22}},"4":{"start":{"line":5,"column":0},"end":{"line":5,"column":10}},"5":{"start":{"line":6,"column":0},"end":{"line":6,"column":12}},"6":{"start":{"line":7,"column":0},"end":{"line":7,"column":30}},"7":{"start":{"line":8,"column":0},"end":{"line":8,"column":30}},"8":{"start":{"line":9,"column":0},"end":{"line":9,"column":37}},"10":{"start":{"line":11,"column":0},"end":{"line":11,"column":54}},"11":{"start":{"line":12,"column":0},"end":{"line":12,"column":17}},"12":{"start":{"line":13,"column":0},"end":{"line":13,"column":15}},"13":{"start":{"line":14,"column":0},"end":{"line":14,"column":12}},"14":{"start":{"line":15,"column":0},"end":{"line":15,"column":10}},"15":{"start":{"line":16,"column":0},"end":{"line":16,"column":49}},"16":{"start":{"line":17,"column":0},"end":{"line":17,"column":11}},"17":{"start":{"line":18,"column":0},"end":{"line":18,"column":13}},"19":{"start":{"line":20,"column":0},"end":{"line":20,"column":2}},"21":{"start":{"line":22,"column":0},"end":{"line":22,"column":22}}},"s":{"0":1,"1":1,"3":1,"4":2,"5":2,"6":2,"7":2,"8":2,"10":2,"11":2,"12":2,"13":2,"14":2,"15":2,"16":2,"17":2,"19":2,"21":1},"branchMap":{"0":{"type":"branch","line":4,"loc":{"start":{"line":4,"column":15},"end":{"line":20,"column":2}},"locations":[{"start":{"line":4,"column":15},"end":{"line":20,"column":2}}]}},"b":{"0":[2]},"fnMap":{"0":{"name":"Header","decl":{"start":{"line":4,"column":15},"end":{"line":20,"column":2}},"loc":{"start":{"line":4,"column":15},"end":{"line":20,"column":2}},"line":4}},"f":{"0":2}}
,"C:\\Users\\Aitor\\Desktop\\Projects\\mytheresa_challenge\\src\\components\\Loading.jsx": {"path":"C:\\Users\\Aitor\\Desktop\\Projects\\mytheresa_challenge\\src\\components\\Loading.jsx","all":false,"statementMap":{"0":{"start":{"line":1,"column":0},"end":{"line":1,"column":44}},"1":{"start":{"line":2,"column":0},"end":{"line":2,"column":45}},"3":{"start":{"line":4,"column":0},"end":{"line":4,"column":23}},"4":{"start":{"line":5,"column":0},"end":{"line":5,"column":37}},"5":{"start":{"line":6,"column":0},"end":{"line":6,"column":52}},"7":{"start":{"line":8,"column":0},"end":{"line":8,"column":19}},"8":{"start":{"line":9,"column":0},"end":{"line":9,"column":20}},"9":{"start":{"line":10,"column":0},"end":{"line":10,"column":25}},"10":{"start":{"line":11,"column":0},"end":{"line":11,"column":12}},"11":{"start":{"line":12,"column":0},"end":{"line":12,"column":63}},"12":{"start":{"line":13,"column":0},"end":{"line":13,"column":41}},"13":{"start":{"line":14,"column":0},"end":{"line":14,"column":5}},"14":{"start":{"line":15,"column":0},"end":{"line":15,"column":18}},"16":{"start":{"line":17,"column":0},"end":{"line":17,"column":10}},"17":{"start":{"line":18,"column":0},"end":{"line":18,"column":18}},"18":{"start":{"line":19,"column":0},"end":{"line":19,"column":71}},"19":{"start":{"line":20,"column":0},"end":{"line":20,"column":39}},"20":{"start":{"line":21,"column":0},"end":{"line":21,"column":12}},"23":{"start":{"line":24,"column":0},"end":{"line":24,"column":2}},"25":{"start":{"line":26,"column":0},"end":{"line":26,"column":23}}},"s":{"0":1,"1":1,"3":1,"4":3,"5":3,"7":3,"8":2,"9":1,"10":1,"11":1,"12":1,"13":1,"14":3,"16":3,"17":3,"18":1,"19":1,"20":1,"23":3,"25":1},"branchMap":{"0":{"type":"branch","line":4,"loc":{"start":{"line":4,"column":16},"end":{"line":24,"column":2}},"locations":[{"start":{"line":4,"column":16},"end":{"line":24,"column":2}}]},"1":{"type":"branch","line":18,"loc":{"start":{"line":18,"column":4},"end":{"line":21,"column":12}},"locations":[{"start":{"line":18,"column":4},"end":{"line":21,"column":12}}]},"2":{"type":"branch","line":19,"loc":{"start":{"line":19,"column":45},"end":{"line":19,"column":67}},"locations":[{"start":{"line":19,"column":45},"end":{"line":19,"column":67}}]},"3":{"type":"branch","line":8,"loc":{"start":{"line":8,"column":12},"end":{"line":15,"column":5}},"locations":[{"start":{"line":8,"column":12},"end":{"line":15,"column":5}}]},"4":{"type":"branch","line":9,"loc":{"start":{"line":9,"column":19},"end":{"line":14,"column":5}},"locations":[{"start":{"line":9,"column":19},"end":{"line":14,"column":5}}]},"5":{"type":"branch","line":13,"loc":{"start":{"line":13,"column":13},"end":{"line":13,"column":41}},"locations":[{"start":{"line":13,"column":13},"end":{"line":13,"column":41}}]}},"b":{"0":[3],"1":[1],"2":[0],"3":[2],"4":[1],"5":[1]},"fnMap":{"0":{"name":"Loading","decl":{"start":{"line":4,"column":16},"end":{"line":24,"column":2}},"loc":{"start":{"line":4,"column":16},"end":{"line":24,"column":2}},"line":4}},"f":{"0":3}}
,"C:\\Users\\Aitor\\Desktop\\Projects\\mytheresa_challenge\\src\\contexts\\AlertContext.jsx": {"path":"C:\\Users\\Aitor\\Desktop\\Projects\\mytheresa_challenge\\src\\contexts\\AlertContext.jsx","all":false,"statementMap":{"0":{"start":{"line":1,"column":0},"end":{"line":1,"column":61}},"3":{"start":{"line":4,"column":0},"end":{"line":4,"column":37}},"5":{"start":{"line":6,"column":0},"end":{"line":6,"column":41}},"6":{"start":{"line":7,"column":0},"end":{"line":7,"column":64}},"8":{"start":{"line":9,"column":0},"end":{"line":9,"column":52}},"9":{"start":{"line":10,"column":0},"end":{"line":10,"column":32}},"10":{"start":{"line":11,"column":0},"end":{"line":11,"column":9}},"12":{"start":{"line":13,"column":0},"end":{"line":13,"column":40}},"13":{"start":{"line":14,"column":0},"end":{"line":14,"column":40}},"14":{"start":{"line":15,"column":0},"end":{"line":15,"column":9}},"16":{"start":{"line":17,"column":0},"end":{"line":17,"column":10}},"17":{"start":{"line":18,"column":0},"end":{"line":18,"column":68}},"18":{"start":{"line":19,"column":0},"end":{"line":19,"column":16}},"19":{"start":{"line":20,"column":0},"end":{"line":20,"column":28}},"21":{"start":{"line":22,"column":0},"end":{"line":22,"column":2}},"22":{"start":{"line":23,"column":0},"end":{"line":23,"column":27}},"23":{"start":{"line":24,"column":0},"end":{"line":24,"column":38}},"24":{"start":{"line":25,"column":0},"end":{"line":25,"column":2}},"25":{"start":{"line":26,"column":0},"end":{"line":26,"column":29}}},"s":{"0":1,"3":1,"5":1,"6":4,"8":4,"9":1,"10":4,"12":4,"13":1,"14":4,"16":4,"17":4,"18":4,"19":4,"21":4,"22":1,"23":1,"24":1,"25":1},"branchMap":{"0":{"type":"branch","line":6,"loc":{"start":{"line":6,"column":22},"end":{"line":22,"column":2}},"locations":[{"start":{"line":6,"column":22},"end":{"line":22,"column":2}}]},"1":{"type":"branch","line":9,"loc":{"start":{"line":9,"column":32},"end":{"line":11,"column":5}},"locations":[{"start":{"line":9,"column":32},"end":{"line":11,"column":5}}]},"2":{"type":"branch","line":13,"loc":{"start":{"line":13,"column":33},"end":{"line":15,"column":5}},"locations":[{"start":{"line":13,"column":33},"end":{"line":15,"column":5}}]}},"b":{"0":[4],"1":[1],"2":[1]},"fnMap":{"0":{"name":"AlertProvider","decl":{"start":{"line":6,"column":22},"end":{"line":22,"column":2}},"loc":{"start":{"line":6,"column":22},"end":{"line":22,"column":2}},"line":6}},"f":{"0":4}}
,"C:\\Users\\Aitor\\Desktop\\Projects\\mytheresa_challenge\\src\\contexts\\LoadingContext.jsx": {"path":"C:\\Users\\Aitor\\Desktop\\Projects\\mytheresa_challenge\\src\\contexts\\LoadingContext.jsx","all":false,"statementMap":{"0":{"start":{"line":1,"column":0},"end":{"line":1,"column":61}},"3":{"start":{"line":4,"column":0},"end":{"line":4,"column":39}},"5":{"start":{"line":6,"column":0},"end":{"line":6,"column":43}},"6":{"start":{"line":7,"column":0},"end":{"line":7,"column":52}},"8":{"start":{"line":9,"column":0},"end":{"line":9,"column":41}},"9":{"start":{"line":10,"column":0},"end":{"line":10,"column":23}},"10":{"start":{"line":11,"column":0},"end":{"line":11,"column":9}},"12":{"start":{"line":13,"column":0},"end":{"line":13,"column":41}},"13":{"start":{"line":14,"column":0},"end":{"line":14,"column":24}},"14":{"start":{"line":15,"column":0},"end":{"line":15,"column":9}},"16":{"start":{"line":17,"column":0},"end":{"line":17,"column":10}},"17":{"start":{"line":18,"column":0},"end":{"line":18,"column":77}},"18":{"start":{"line":19,"column":0},"end":{"line":19,"column":16}},"19":{"start":{"line":20,"column":0},"end":{"line":20,"column":30}},"21":{"start":{"line":22,"column":0},"end":{"line":22,"column":2}},"22":{"start":{"line":23,"column":0},"end":{"line":23,"column":29}},"23":{"start":{"line":24,"column":0},"end":{"line":24,"column":38}},"24":{"start":{"line":25,"column":0},"end":{"line":25,"column":2}},"25":{"start":{"line":26,"column":0},"end":{"line":26,"column":31}}},"s":{"0":1,"3":1,"5":1,"6":6,"8":6,"9":2,"10":6,"12":6,"13":1,"14":6,"16":6,"17":6,"18":6,"19":6,"21":6,"22":1,"23":1,"24":1,"25":1},"branchMap":{"0":{"type":"branch","line":6,"loc":{"start":{"line":6,"column":24},"end":{"line":22,"column":2}},"locations":[{"start":{"line":6,"column":24},"end":{"line":22,"column":2}}]},"1":{"type":"branch","line":9,"loc":{"start":{"line":9,"column":34},"end":{"line":11,"column":5}},"locations":[{"start":{"line":9,"column":34},"end":{"line":11,"column":5}}]},"2":{"type":"branch","line":13,"loc":{"start":{"line":13,"column":34},"end":{"line":15,"column":5}},"locations":[{"start":{"line":13,"column":34},"end":{"line":15,"column":5}}]}},"b":{"0":[6],"1":[2],"2":[1]},"fnMap":{"0":{"name":"LoadingProvider","decl":{"start":{"line":6,"column":24},"end":{"line":22,"column":2}},"loc":{"start":{"line":6,"column":24},"end":{"line":22,"column":2}},"line":6}},"f":{"0":6}}
,"C:\\Users\\Aitor\\Desktop\\Projects\\mytheresa_challenge\\src\\hooks\\useAlert.jsx": {"path":"C:\\Users\\Aitor\\Desktop\\Projects\\mytheresa_challenge\\src\\hooks\\useAlert.jsx","all":false,"statementMap":{"0":{"start":{"line":1,"column":0},"end":{"line":1,"column":35}},"1":{"start":{"line":2,"column":0},"end":{"line":2,"column":56}},"3":{"start":{"line":4,"column":0},"end":{"line":4,"column":48}},"5":{"start":{"line":6,"column":0},"end":{"line":6,"column":24}}},"s":{"0":1,"1":1,"3":1,"5":1},"branchMap":{},"b":{},"fnMap":{"0":{"name":"useAlert","decl":{"start":{"line":4,"column":17},"end":{"line":4,"column":48}},"loc":{"start":{"line":4,"column":17},"end":{"line":4,"column":48}},"line":4}},"f":{"0":0}}
,"C:\\Users\\Aitor\\Desktop\\Projects\\mytheresa_challenge\\src\\hooks\\useLoading.jsx": {"path":"C:\\Users\\Aitor\\Desktop\\Projects\\mytheresa_challenge\\src\\hooks\\useLoading.jsx","all":false,"statementMap":{"0":{"start":{"line":1,"column":0},"end":{"line":1,"column":35}},"1":{"start":{"line":2,"column":0},"end":{"line":2,"column":60}},"3":{"start":{"line":4,"column":0},"end":{"line":4,"column":52}},"5":{"start":{"line":6,"column":0},"end":{"line":6,"column":26}}},"s":{"0":1,"1":1,"3":1,"5":1},"branchMap":{},"b":{},"fnMap":{"0":{"name":"useLoading","decl":{"start":{"line":4,"column":19},"end":{"line":4,"column":52}},"loc":{"start":{"line":4,"column":19},"end":{"line":4,"column":52}},"line":4}},"f":{"0":0}}
,"C:\\Users\\Aitor\\Desktop\\Projects\\mytheresa_challenge\\src\\pages\\DetailPage.jsx": {"path":"C:\\Users\\Aitor\\Desktop\\Projects\\mytheresa_challenge\\src\\pages\\DetailPage.jsx","all":false,"statementMap":{"0":{"start":{"line":1,"column":0},"end":{"line":1,"column":44}},"1":{"start":{"line":2,"column":0},"end":{"line":2,"column":45}},"2":{"start":{"line":3,"column":0},"end":{"line":3,"column":54}},"3":{"start":{"line":4,"column":0},"end":{"line":4,"column":41}},"4":{"start":{"line":5,"column":0},"end":{"line":5,"column":45}},"5":{"start":{"line":6,"column":0},"end":{"line":6,"column":35}},"7":{"start":{"line":8,"column":0},"end":{"line":8,"column":50}},"8":{"start":{"line":9,"column":0},"end":{"line":9,"column":54}},"9":{"start":{"line":10,"column":0},"end":{"line":10,"column":58}},"10":{"start":{"line":11,"column":0},"end":{"line":11,"column":56}},"11":{"start":{"line":12,"column":0},"end":{"line":12,"column":57}},"13":{"start":{"line":14,"column":0},"end":{"line":14,"column":26}},"14":{"start":{"line":15,"column":0},"end":{"line":15,"column":39}},"15":{"start":{"line":16,"column":0},"end":{"line":16,"column":43}},"16":{"start":{"line":17,"column":0},"end":{"line":17,"column":35}},"17":{"start":{"line":18,"column":0},"end":{"line":18,"column":52}},"19":{"start":{"line":20,"column":0},"end":{"line":20,"column":19}},"20":{"start":{"line":21,"column":0},"end":{"line":21,"column":36}},"21":{"start":{"line":22,"column":0},"end":{"line":22,"column":11}},"22":{"start":{"line":23,"column":0},"end":{"line":23,"column":22}},"23":{"start":{"line":24,"column":0},"end":{"line":24,"column":37}},"24":{"start":{"line":25,"column":0},"end":{"line":25,"column":71}},"25":{"start":{"line":26,"column":0},"end":{"line":26,"column":10}},"26":{"start":{"line":27,"column":0},"end":{"line":27,"column":27}},"27":{"start":{"line":28,"column":0},"end":{"line":28,"column":26}},"28":{"start":{"line":29,"column":0},"end":{"line":29,"column":41}},"29":{"start":{"line":30,"column":0},"end":{"line":30,"column":71}},"30":{"start":{"line":31,"column":0},"end":{"line":31,"column":14}},"31":{"start":{"line":32,"column":0},"end":{"line":32,"column":12}},"32":{"start":{"line":33,"column":0},"end":{"line":33,"column":16}},"33":{"start":{"line":34,"column":0},"end":{"line":34,"column":45}},"34":{"start":{"line":35,"column":0},"end":{"line":35,"column":25}},"35":{"start":{"line":36,"column":0},"end":{"line":36,"column":9}},"36":{"start":{"line":37,"column":0},"end":{"line":37,"column":23}},"37":{"start":{"line":38,"column":0},"end":{"line":38,"column":42}},"38":{"start":{"line":39,"column":0},"end":{"line":39,"column":17}},"39":{"start":{"line":40,"column":0},"end":{"line":40,"column":22}},"40":{"start":{"line":41,"column":0},"end":{"line":41,"column":7}},"41":{"start":{"line":42,"column":0},"end":{"line":42,"column":6}},"43":{"start":{"line":44,"column":0},"end":{"line":44,"column":17}},"44":{"start":{"line":45,"column":0},"end":{"line":45,"column":48}},"46":{"start":{"line":47,"column":0},"end":{"line":47,"column":33}},"47":{"start":{"line":48,"column":0},"end":{"line":48,"column":23}},"48":{"start":{"line":49,"column":0},"end":{"line":49,"column":19}},"49":{"start":{"line":50,"column":0},"end":{"line":50,"column":25}},"50":{"start":{"line":51,"column":0},"end":{"line":51,"column":21}},"51":{"start":{"line":52,"column":0},"end":{"line":52,"column":27}},"52":{"start":{"line":53,"column":0},"end":{"line":53,"column":20}},"53":{"start":{"line":54,"column":0},"end":{"line":54,"column":26}},"54":{"start":{"line":55,"column":0},"end":{"line":55,"column":5}},"55":{"start":{"line":56,"column":0},"end":{"line":56,"column":4}},"57":{"start":{"line":58,"column":0},"end":{"line":58,"column":42}},"58":{"start":{"line":59,"column":0},"end":{"line":59,"column":57}},"59":{"start":{"line":60,"column":0},"end":{"line":60,"column":29}},"60":{"start":{"line":61,"column":0},"end":{"line":61,"column":40}},"61":{"start":{"line":62,"column":0},"end":{"line":62,"column":68}},"62":{"start":{"line":63,"column":0},"end":{"line":63,"column":5}},"63":{"start":{"line":64,"column":0},"end":{"line":64,"column":12}},"64":{"start":{"line":65,"column":0},"end":{"line":65,"column":8}},"65":{"start":{"line":66,"column":0},"end":{"line":66,"column":43}},"66":{"start":{"line":67,"column":0},"end":{"line":67,"column":52}},"67":{"start":{"line":68,"column":0},"end":{"line":68,"column":60}},"68":{"start":{"line":69,"column":0},"end":{"line":69,"column":13}},"69":{"start":{"line":70,"column":0},"end":{"line":70,"column":14}},"70":{"start":{"line":71,"column":0},"end":{"line":71,"column":44}},"71":{"start":{"line":72,"column":0},"end":{"line":72,"column":47}},"72":{"start":{"line":73,"column":0},"end":{"line":73,"column":22}},"73":{"start":{"line":74,"column":0},"end":{"line":74,"column":62}},"75":{"start":{"line":76,"column":0},"end":{"line":76,"column":67}},"77":{"start":{"line":78,"column":0},"end":{"line":78,"column":12}},"78":{"start":{"line":79,"column":0},"end":{"line":79,"column":14}},"79":{"start":{"line":80,"column":0},"end":{"line":80,"column":9}},"81":{"start":{"line":82,"column":0},"end":{"line":82,"column":4}},"83":{"start":{"line":84,"column":0},"end":{"line":84,"column":76}},"84":{"start":{"line":85,"column":0},"end":{"line":85,"column":12}},"85":{"start":{"line":86,"column":0},"end":{"line":86,"column":12}},"86":{"start":{"line":87,"column":0},"end":{"line":87,"column":55}},"87":{"start":{"line":88,"column":0},"end":{"line":88,"column":14}},"88":{"start":{"line":89,"column":0},"end":{"line":89,"column":72}},"89":{"start":{"line":90,"column":0},"end":{"line":90,"column":14}},"90":{"start":{"line":91,"column":0},"end":{"line":91,"column":42}},"91":{"start":{"line":92,"column":0},"end":{"line":92,"column":53}},"92":{"start":{"line":93,"column":0},"end":{"line":93,"column":13}},"94":{"start":{"line":95,"column":0},"end":{"line":95,"column":4}},"96":{"start":{"line":97,"column":0},"end":{"line":97,"column":40}},"97":{"start":{"line":98,"column":0},"end":{"line":98,"column":54}},"98":{"start":{"line":99,"column":0},"end":{"line":99,"column":22}},"99":{"start":{"line":100,"column":0},"end":{"line":100,"column":20}},"100":{"start":{"line":101,"column":0},"end":{"line":101,"column":21}},"101":{"start":{"line":102,"column":0},"end":{"line":102,"column":7}},"102":{"start":{"line":103,"column":0},"end":{"line":103,"column":4}},"104":{"start":{"line":105,"column":0},"end":{"line":105,"column":34}},"105":{"start":{"line":106,"column":0},"end":{"line":106,"column":56}},"106":{"start":{"line":107,"column":0},"end":{"line":107,"column":4}},"108":{"start":{"line":109,"column":0},"end":{"line":109,"column":40}},"109":{"start":{"line":110,"column":0},"end":{"line":110,"column":67}},"110":{"start":{"line":111,"column":0},"end":{"line":111,"column":4}},"112":{"start":{"line":113,"column":0},"end":{"line":113,"column":31}},"113":{"start":{"line":114,"column":0},"end":{"line":114,"column":72}},"114":{"start":{"line":115,"column":0},"end":{"line":115,"column":57}},"115":{"start":{"line":116,"column":0},"end":{"line":116,"column":77}},"116":{"start":{"line":117,"column":0},"end":{"line":117,"column":64}},"117":{"start":{"line":118,"column":0},"end":{"line":118,"column":12}},"118":{"start":{"line":119,"column":0},"end":{"line":119,"column":79}},"119":{"start":{"line":120,"column":0},"end":{"line":120,"column":5}},"120":{"start":{"line":121,"column":0},"end":{"line":121,"column":4}},"122":{"start":{"line":123,"column":0},"end":{"line":123,"column":25}},"123":{"start":{"line":124,"column":0},"end":{"line":124,"column":45}},"124":{"start":{"line":125,"column":0},"end":{"line":125,"column":4}},"126":{"start":{"line":127,"column":0},"end":{"line":127,"column":30}},"127":{"start":{"line":128,"column":0},"end":{"line":128,"column":39}},"128":{"start":{"line":129,"column":0},"end":{"line":129,"column":45}},"129":{"start":{"line":130,"column":0},"end":{"line":130,"column":52}},"130":{"start":{"line":131,"column":0},"end":{"line":131,"column":4}},"132":{"start":{"line":133,"column":0},"end":{"line":133,"column":26}},"133":{"start":{"line":134,"column":0},"end":{"line":134,"column":10}},"134":{"start":{"line":135,"column":0},"end":{"line":135,"column":73}},"135":{"start":{"line":136,"column":0},"end":{"line":136,"column":28}},"136":{"start":{"line":137,"column":0},"end":{"line":137,"column":30}},"137":{"start":{"line":138,"column":0},"end":{"line":138,"column":28}},"138":{"start":{"line":139,"column":0},"end":{"line":139,"column":36}},"139":{"start":{"line":140,"column":0},"end":{"line":140,"column":14}},"140":{"start":{"line":141,"column":0},"end":{"line":141,"column":71}},"141":{"start":{"line":142,"column":0},"end":{"line":142,"column":29}},"142":{"start":{"line":143,"column":0},"end":{"line":143,"column":12}},"143":{"start":{"line":144,"column":0},"end":{"line":144,"column":56}},"144":{"start":{"line":145,"column":0},"end":{"line":145,"column":14}},"145":{"start":{"line":146,"column":0},"end":{"line":146,"column":34}},"146":{"start":{"line":147,"column":0},"end":{"line":147,"column":33}},"147":{"start":{"line":148,"column":0},"end":{"line":148,"column":25}},"148":{"start":{"line":149,"column":0},"end":{"line":149,"column":33}},"149":{"start":{"line":150,"column":0},"end":{"line":150,"column":44}},"150":{"start":{"line":151,"column":0},"end":{"line":151,"column":60}},"151":{"start":{"line":152,"column":0},"end":{"line":152,"column":12}},"152":{"start":{"line":153,"column":0},"end":{"line":153,"column":58}},"154":{"start":{"line":155,"column":0},"end":{"line":155,"column":19}},"155":{"start":{"line":156,"column":0},"end":{"line":156,"column":14}},"156":{"start":{"line":157,"column":0},"end":{"line":157,"column":12}},"157":{"start":{"line":158,"column":0},"end":{"line":158,"column":14}},"159":{"start":{"line":160,"column":0},"end":{"line":160,"column":2}},"161":{"start":{"line":162,"column":0},"end":{"line":162,"column":26}}},"s":{"0":1,"1":1,"2":1,"3":1,"4":1,"5":1,"7":1,"8":1,"9":1,"10":1,"11":1,"13":1,"14":14,"15":14,"16":14,"17":14,"19":14,"20":8,"21":8,"22":8,"23":8,"24":8,"25":8,"26":8,"27":2,"28":2,"29":2,"30":2,"31":2,"32":8,"33":6,"34":6,"35":6,"36":8,"37":2,"38":8,"39":8,"40":8,"41":8,"43":8,"44":14,"46":14,"47":6,"48":6,"49":4,"50":6,"51":1,"52":6,"53":1,"54":6,"55":6,"57":14,"58":6,"59":6,"60":6,"61":24,"62":24,"63":6,"64":6,"65":6,"66":6,"67":30,"68":6,"69":6,"70":6,"71":6,"72":24,"73":18,"75":6,"77":6,"78":6,"79":6,"81":6,"83":14,"84":6,"85":6,"86":6,"87":6,"88":6,"89":6,"90":6,"91":6,"92":6,"94":6,"96":14,"97":6,"98":6,"99":6,"100":6,"101":6,"102":6,"104":14,"105":6,"106":6,"108":14,"109":6,"110":6,"112":14,"113":2,"114":2,"115":1,"116":1,"117":1,"118":1,"119":1,"120":2,"122":14,"123":14,"124":14,"126":14,"127":14,"128":14,"129":14,"130":14,"132":14,"133":6,"134":14,"135":14,"136":14,"137":14,"138":14,"139":14,"140":14,"141":14,"142":14,"143":14,"144":14,"145":14,"146":14,"147":14,"148":14,"149":14,"150":14,"151":14,"152":14,"154":14,"155":14,"156":14,"157":14,"159":14,"161":1},"branchMap":{"0":{"type":"branch","line":14,"loc":{"start":{"line":14,"column":19},"end":{"line":160,"column":2}},"locations":[{"start":{"line":14,"column":19},"end":{"line":160,"column":2}}]},"1":{"type":"branch","line":133,"loc":{"start":{"line":133,"column":14},"end":{"line":133,"column":26}},"locations":[{"start":{"line":133,"column":14},"end":{"line":133,"column":26}}]},"2":{"type":"branch","line":133,"loc":{"start":{"line":133,"column":21},"end":{"line":135,"column":69}},"locations":[{"start":{"line":133,"column":21},"end":{"line":135,"column":69}}]},"3":{"type":"branch","line":20,"loc":{"start":{"line":20,"column":12},"end":{"line":45,"column":5}},"locations":[{"start":{"line":20,"column":12},"end":{"line":45,"column":5}}]},"4":{"type":"branch","line":21,"loc":{"start":{"line":21,"column":23},"end":{"line":42,"column":6}},"locations":[{"start":{"line":21,"column":23},"end":{"line":42,"column":6}}]},"5":{"type":"branch","line":27,"loc":{"start":{"line":27,"column":26},"end":{"line":33,"column":15}},"locations":[{"start":{"line":27,"column":26},"end":{"line":33,"column":15}}]},"6":{"type":"branch","line":30,"loc":{"start":{"line":30,"column":23},"end":{"line":30,"column":58}},"locations":[{"start":{"line":30,"column":23},"end":{"line":30,"column":58}}]},"7":{"type":"branch","line":30,"loc":{"start":{"line":30,"column":45},"end":{"line":30,"column":71}},"locations":[{"start":{"line":30,"column":45},"end":{"line":30,"column":71}}]},"8":{"type":"branch","line":33,"loc":{"start":{"line":33,"column":8},"end":{"line":36,"column":9}},"locations":[{"start":{"line":33,"column":8},"end":{"line":36,"column":9}}]},"9":{"type":"branch","line":37,"loc":{"start":{"line":37,"column":6},"end":{"line":39,"column":8}},"locations":[{"start":{"line":37,"column":6},"end":{"line":39,"column":8}}]},"10":{"type":"branch","line":47,"loc":{"start":{"line":47,"column":26},"end":{"line":56,"column":4}},"locations":[{"start":{"line":47,"column":26},"end":{"line":56,"column":4}}]},"11":{"type":"branch","line":49,"loc":{"start":{"line":49,"column":6},"end":{"line":50,"column":25}},"locations":[{"start":{"line":49,"column":6},"end":{"line":50,"column":25}}]},"12":{"type":"branch","line":51,"loc":{"start":{"line":51,"column":6},"end":{"line":52,"column":27}},"locations":[{"start":{"line":51,"column":6},"end":{"line":52,"column":27}}]},"13":{"type":"branch","line":53,"loc":{"start":{"line":53,"column":6},"end":{"line":54,"column":26}},"locations":[{"start":{"line":53,"column":6},"end":{"line":54,"column":26}}]},"14":{"type":"branch","line":58,"loc":{"start":{"line":58,"column":20},"end":{"line":82,"column":4}},"locations":[{"start":{"line":58,"column":20},"end":{"line":82,"column":4}}]},"15":{"type":"branch","line":61,"loc":{"start":{"line":61,"column":39},"end":{"line":63,"column":5}},"locations":[{"start":{"line":61,"column":39},"end":{"line":63,"column":5}}]},"16":{"type":"branch","line":62,"loc":{"start":{"line":62,"column":11},"end":{"line":62,"column":42}},"locations":[{"start":{"line":62,"column":11},"end":{"line":62,"column":42}}]},"17":{"type":"branch","line":62,"loc":{"start":{"line":62,"column":38},"end":{"line":62,"column":68}},"locations":[{"start":{"line":62,"column":38},"end":{"line":62,"column":68}}]},"18":{"type":"branch","line":67,"loc":{"start":{"line":67,"column":37},"end":{"line":68,"column":60}},"locations":[{"start":{"line":67,"column":37},"end":{"line":68,"column":60}}]},"19":{"type":"branch","line":72,"loc":{"start":{"line":72,"column":29},"end":{"line":76,"column":67}},"locations":[{"start":{"line":72,"column":29},"end":{"line":76,"column":67}}]},"20":{"type":"branch","line":73,"loc":{"start":{"line":73,"column":12},"end":{"line":74,"column":62}},"locations":[{"start":{"line":73,"column":12},"end":{"line":74,"column":62}}]},"21":{"type":"branch","line":74,"loc":{"start":{"line":74,"column":60},"end":{"line":76,"column":67}},"locations":[{"start":{"line":74,"column":60},"end":{"line":76,"column":67}}]},"22":{"type":"branch","line":84,"loc":{"start":{"line":84,"column":25},"end":{"line":95,"column":4}},"locations":[{"start":{"line":84,"column":25},"end":{"line":95,"column":4}}]},"23":{"type":"branch","line":97,"loc":{"start":{"line":97,"column":22},"end":{"line":103,"column":4}},"locations":[{"start":{"line":97,"column":22},"end":{"line":103,"column":4}}]},"24":{"type":"branch","line":105,"loc":{"start":{"line":105,"column":17},"end":{"line":107,"column":4}},"locations":[{"start":{"line":105,"column":17},"end":{"line":107,"column":4}}]},"25":{"type":"branch","line":106,"loc":{"start":{"line":106,"column":22},"end":{"line":106,"column":43}},"locations":[{"start":{"line":106,"column":22},"end":{"line":106,"column":43}}]},"26":{"type":"branch","line":109,"loc":{"start":{"line":109,"column":20},"end":{"line":111,"column":4}},"locations":[{"start":{"line":109,"column":20},"end":{"line":111,"column":4}}]},"27":{"type":"branch","line":110,"loc":{"start":{"line":110,"column":25},"end":{"line":110,"column":54}},"locations":[{"start":{"line":110,"column":25},"end":{"line":110,"column":54}}]},"28":{"type":"branch","line":113,"loc":{"start":{"line":113,"column":24},"end":{"line":121,"column":4}},"locations":[{"start":{"line":113,"column":24},"end":{"line":121,"column":4}}]},"29":{"type":"branch","line":114,"loc":{"start":{"line":114,"column":64},"end":{"line":114,"column":72}},"locations":[{"start":{"line":114,"column":64},"end":{"line":114,"column":72}}]},"30":{"type":"branch","line":115,"loc":{"start":{"line":115,"column":56},"end":{"line":120,"column":5}},"locations":[{"start":{"line":115,"column":56},"end":{"line":120,"column":5}}]},"31":{"type":"branch","line":115,"loc":{"start":{"line":115,"column":23},"end":{"line":115,"column":53}},"locations":[{"start":{"line":115,"column":23},"end":{"line":115,"column":53}}]}},"b":{"0":[14],"1":[8],"2":[6],"3":[8],"4":[8],"5":[2],"6":[1],"7":[1],"8":[6],"9":[2],"10":[6],"11":[4],"12":[1],"13":[1],"14":[6],"15":[24],"16":[18],"17":[6],"18":[30],"19":[24],"20":[18],"21":[6],"22":[6],"23":[6],"24":[6],"25":[12],"26":[6],"27":[6],"28":[2],"29":[1],"30":[1],"31":[1]},"fnMap":{"0":{"name":"DetailPage","decl":{"start":{"line":14,"column":19},"end":{"line":160,"column":2}},"loc":{"start":{"line":14,"column":19},"end":{"line":160,"column":2}},"line":14},"1":{"name":"fetchMovie","decl":{"start":{"line":21,"column":23},"end":{"line":42,"column":6}},"loc":{"start":{"line":21,"column":23},"end":{"line":42,"column":6}},"line":21},"2":{"name":"switchClassName","decl":{"start":{"line":47,"column":26},"end":{"line":56,"column":4}},"loc":{"start":{"line":47,"column":26},"end":{"line":56,"column":4}},"line":47},"3":{"name":"ShowVotes","decl":{"start":{"line":58,"column":20},"end":{"line":82,"column":4}},"loc":{"start":{"line":58,"column":20},"end":{"line":82,"column":4}},"line":58},"4":{"name":"AdditionalInfo","decl":{"start":{"line":84,"column":25},"end":{"line":95,"column":4}},"loc":{"start":{"line":84,"column":25},"end":{"line":95,"column":4}},"line":84},"5":{"name":"ReleaseDate","decl":{"start":{"line":97,"column":22},"end":{"line":103,"column":4}},"loc":{"start":{"line":97,"column":22},"end":{"line":103,"column":4}},"line":97},"6":{"name":"Genres","decl":{"start":{"line":105,"column":17},"end":{"line":107,"column":4}},"loc":{"start":{"line":105,"column":17},"end":{"line":107,"column":4}},"line":105},"7":{"name":"Companies","decl":{"start":{"line":109,"column":20},"end":{"line":111,"column":4}},"loc":{"start":{"line":109,"column":20},"end":{"line":111,"column":4}},"line":109},"8":{"name":"addToWishlist","decl":{"start":{"line":113,"column":24},"end":{"line":121,"column":4}},"loc":{"start":{"line":113,"column":24},"end":{"line":121,"column":4}},"line":113}},"f":{"0":14,"1":8,"2":6,"3":6,"4":6,"5":6,"6":6,"7":6,"8":2}}
,"C:\\Users\\Aitor\\Desktop\\Projects\\mytheresa_challenge\\src\\pages\\HomePage.jsx": {"path":"C:\\Users\\Aitor\\Desktop\\Projects\\mytheresa_challenge\\src\\pages\\HomePage.jsx","all":false,"statementMap":{"0":{"start":{"line":1,"column":0},"end":{"line":1,"column":46}},"2":{"start":{"line":3,"column":0},"end":{"line":3,"column":54}},"3":{"start":{"line":4,"column":0},"end":{"line":4,"column":58}},"4":{"start":{"line":5,"column":0},"end":{"line":5,"column":56}},"6":{"start":{"line":7,"column":0},"end":{"line":7,"column":24}},"7":{"start":{"line":8,"column":0},"end":{"line":8,"column":10}},"8":{"start":{"line":9,"column":0},"end":{"line":9,"column":6}},"9":{"start":{"line":10,"column":0},"end":{"line":10,"column":37}},"10":{"start":{"line":11,"column":0},"end":{"line":11,"column":39}},"11":{"start":{"line":12,"column":0},"end":{"line":12,"column":38}},"12":{"start":{"line":13,"column":0},"end":{"line":13,"column":7}},"14":{"start":{"line":15,"column":0},"end":{"line":15,"column":2}},"16":{"start":{"line":17,"column":0},"end":{"line":17,"column":24}}},"s":{"0":1,"2":1,"3":1,"4":1,"6":1,"7":1,"8":1,"9":1,"10":1,"11":1,"12":1,"14":1,"16":1},"branchMap":{"0":{"type":"branch","line":7,"loc":{"start":{"line":7,"column":17},"end":{"line":15,"column":2}},"locations":[{"start":{"line":7,"column":17},"end":{"line":15,"column":2}}]}},"b":{"0":[1]},"fnMap":{"0":{"name":"HomePage","decl":{"start":{"line":7,"column":17},"end":{"line":15,"column":2}},"loc":{"start":{"line":7,"column":17},"end":{"line":15,"column":2}},"line":7}},"f":{"0":1}}
,"C:\\Users\\Aitor\\Desktop\\Projects\\mytheresa_challenge\\src\\pages\\WishlistPage.jsx": {"path":"C:\\Users\\Aitor\\Desktop\\Projects\\mytheresa_challenge\\src\\pages\\WishlistPage.jsx","all":false,"statementMap":{"0":{"start":{"line":1,"column":0},"end":{"line":1,"column":44}},"1":{"start":{"line":2,"column":0},"end":{"line":2,"column":41}},"2":{"start":{"line":3,"column":0},"end":{"line":3,"column":45}},"3":{"start":{"line":4,"column":0},"end":{"line":4,"column":40}},"5":{"start":{"line":6,"column":0},"end":{"line":6,"column":28}},"6":{"start":{"line":7,"column":0},"end":{"line":7,"column":47}},"7":{"start":{"line":8,"column":0},"end":{"line":8,"column":35}},"8":{"start":{"line":9,"column":0},"end":{"line":9,"column":52}},"10":{"start":{"line":11,"column":0},"end":{"line":11,"column":19}},"11":{"start":{"line":12,"column":0},"end":{"line":12,"column":18}},"12":{"start":{"line":13,"column":0},"end":{"line":13,"column":68}},"13":{"start":{"line":14,"column":0},"end":{"line":14,"column":18}},"14":{"start":{"line":15,"column":0},"end":{"line":15,"column":33}},"16":{"start":{"line":17,"column":0},"end":{"line":17,"column":31}},"17":{"start":{"line":18,"column":0},"end":{"line":18,"column":18}},"18":{"start":{"line":19,"column":0},"end":{"line":19,"column":25}},"19":{"start":{"line":20,"column":0},"end":{"line":20,"column":20}},"20":{"start":{"line":21,"column":0},"end":{"line":21,"column":18}},"21":{"start":{"line":22,"column":0},"end":{"line":22,"column":46}},"22":{"start":{"line":23,"column":0},"end":{"line":23,"column":4}},"24":{"start":{"line":25,"column":0},"end":{"line":25,"column":10}},"25":{"start":{"line":26,"column":0},"end":{"line":26,"column":34}},"26":{"start":{"line":27,"column":0},"end":{"line":27,"column":33}},"27":{"start":{"line":28,"column":0},"end":{"line":28,"column":25}},"28":{"start":{"line":29,"column":0},"end":{"line":29,"column":32}},"29":{"start":{"line":30,"column":0},"end":{"line":30,"column":58}},"31":{"start":{"line":32,"column":0},"end":{"line":32,"column":19}},"32":{"start":{"line":33,"column":0},"end":{"line":33,"column":17}},"33":{"start":{"line":34,"column":0},"end":{"line":34,"column":12}},"35":{"start":{"line":36,"column":0},"end":{"line":36,"column":30}},"36":{"start":{"line":37,"column":0},"end":{"line":37,"column":10}},"37":{"start":{"line":38,"column":0},"end":{"line":38,"column":37}},"38":{"start":{"line":39,"column":0},"end":{"line":39,"column":38}},"39":{"start":{"line":40,"column":0},"end":{"line":40,"column":52}},"40":{"start":{"line":41,"column":0},"end":{"line":41,"column":50}},"41":{"start":{"line":42,"column":0},"end":{"line":42,"column":22}},"42":{"start":{"line":43,"column":0},"end":{"line":43,"column":79}},"43":{"start":{"line":44,"column":0},"end":{"line":44,"column":37}},"44":{"start":{"line":45,"column":0},"end":{"line":45,"column":20}},"45":{"start":{"line":46,"column":0},"end":{"line":46,"column":40}},"46":{"start":{"line":47,"column":0},"end":{"line":47,"column":23}},"47":{"start":{"line":48,"column":0},"end":{"line":48,"column":20}},"48":{"start":{"line":49,"column":0},"end":{"line":49,"column":15}},"49":{"start":{"line":50,"column":0},"end":{"line":50,"column":16}},"50":{"start":{"line":51,"column":0},"end":{"line":51,"column":11}},"52":{"start":{"line":53,"column":0},"end":{"line":53,"column":38}},"54":{"start":{"line":55,"column":0},"end":{"line":55,"column":14}},"56":{"start":{"line":57,"column":0},"end":{"line":57,"column":2}},"58":{"start":{"line":59,"column":0},"end":{"line":59,"column":28}}},"s":{"0":1,"1":1,"2":1,"3":1,"5":1,"6":7,"7":7,"8":7,"10":7,"11":3,"12":3,"13":3,"14":7,"16":7,"17":1,"18":1,"19":1,"20":1,"21":1,"22":1,"24":7,"25":7,"26":7,"27":7,"28":7,"29":2,"31":2,"32":5,"33":7,"35":7,"36":2,"37":2,"38":2,"39":2,"40":2,"41":2,"42":2,"43":2,"44":2,"45":2,"46":2,"47":2,"48":2,"49":2,"50":2,"52":5,"54":7,"56":7,"58":1},"branchMap":{"0":{"type":"branch","line":6,"loc":{"start":{"line":6,"column":21},"end":{"line":57,"column":2}},"locations":[{"start":{"line":6,"column":21},"end":{"line":57,"column":2}}]},"1":{"type":"branch","line":29,"loc":{"start":{"line":29,"column":27},"end":{"line":32,"column":19}},"locations":[{"start":{"line":29,"column":27},"end":{"line":32,"column":19}}]},"2":{"type":"branch","line":32,"loc":{"start":{"line":32,"column":10},"end":{"line":33,"column":17}},"locations":[{"start":{"line":32,"column":10},"end":{"line":33,"column":17}}]},"3":{"type":"branch","line":36,"loc":{"start":{"line":36,"column":25},"end":{"line":51,"column":11}},"locations":[{"start":{"line":36,"column":25},"end":{"line":51,"column":11}}]},"4":{"type":"branch","line":51,"loc":{"start":{"line":51,"column":8},"end":{"line":53,"column":38}},"locations":[{"start":{"line":51,"column":8},"end":{"line":53,"column":38}}]},"5":{"type":"branch","line":11,"loc":{"start":{"line":11,"column":12},"end":{"line":15,"column":5}},"locations":[{"start":{"line":11,"column":12},"end":{"line":15,"column":5}}]},"6":{"type":"branch","line":13,"loc":{"start":{"line":13,"column":59},"end":{"line":13,"column":66}},"locations":[{"start":{"line":13,"column":59},"end":{"line":13,"column":66}}]},"7":{"type":"branch","line":17,"loc":{"start":{"line":17,"column":24},"end":{"line":23,"column":4}},"locations":[{"start":{"line":17,"column":24},"end":{"line":23,"column":4}}]},"8":{"type":"branch","line":39,"loc":{"start":{"line":39,"column":26},"end":{"line":48,"column":20}},"locations":[{"start":{"line":39,"column":26},"end":{"line":48,"column":20}}]}},"b":{"0":[7],"1":[2],"2":[5],"3":[2],"4":[5],"5":[3],"6":[1],"7":[1],"8":[2]},"fnMap":{"0":{"name":"WishlistPage","decl":{"start":{"line":6,"column":21},"end":{"line":57,"column":2}},"loc":{"start":{"line":6,"column":21},"end":{"line":57,"column":2}},"line":6},"1":{"name":"clearWishlist","decl":{"start":{"line":17,"column":24},"end":{"line":23,"column":4}},"loc":{"start":{"line":17,"column":24},"end":{"line":23,"column":4}},"line":17}},"f":{"0":7,"1":1}}
}
